This is pdfTeX, Version 3.141592653-2.6-1.40.24 (TeX Live 2022) (preloaded format=pdflatex 2022.7.11)  15 JUL 2022 15:28
entering extended mode
 restricted \write18 enabled.
 %&-line parsing enabled.
**initial_analysis.tex
(./initial_analysis.tex
LaTeX2e <2022-06-01> patch level 5
L3 programming layer <2022-07-04> (/Users/jonathankogan/Library/TinyTeX/texmf-dist/tex/latex/base/article.cls
Document Class: article 2021/10/04 v1.4n Standard LaTeX document class
(/Users/jonathankogan/Library/TinyTeX/texmf-dist/tex/latex/base/size10.clo
File: size10.clo 2021/10/04 v1.4n Standard LaTeX file (size option)
)
\c@part=\count185
\c@section=\count186
\c@subsection=\count187
\c@subsubsection=\count188
\c@paragraph=\count189
\c@subparagraph=\count190
\c@figure=\count191
\c@table=\count192
\abovecaptionskip=\skip47
\belowcaptionskip=\skip48
\bibindent=\dimen138
) (/Users/jonathankogan/Library/TinyTeX/texmf-dist/tex/latex/amsmath/amsmath.sty
Package: amsmath 2022/04/08 v2.17n AMS math features
\@mathmargin=\skip49
For additional information on amsmath, use the `?' option.
(/Users/jonathankogan/Library/TinyTeX/texmf-dist/tex/latex/amsmath/amstext.sty
Package: amstext 2021/08/26 v2.01 AMS text
(/Users/jonathankogan/Library/TinyTeX/texmf-dist/tex/latex/amsmath/amsgen.sty
File: amsgen.sty 1999/11/30 v2.0 generic functions
\@emptytoks=\toks16
\ex@=\dimen139
)) (/Users/jonathankogan/Library/TinyTeX/texmf-dist/tex/latex/amsmath/amsbsy.sty
Package: amsbsy 1999/11/29 v1.2d Bold Symbols
\pmbraise@=\dimen140
) (/Users/jonathankogan/Library/TinyTeX/texmf-dist/tex/latex/amsmath/amsopn.sty
Package: amsopn 2022/04/08 v2.04 operator names
)
\inf@bad=\count193
LaTeX Info: Redefining \frac on input line 234.
\uproot@=\count194
\leftroot@=\count195
LaTeX Info: Redefining \overline on input line 399.
LaTeX Info: Redefining \colon on input line 410.
\classnum@=\count196
\DOTSCASE@=\count197
LaTeX Info: Redefining \ldots on input line 496.
LaTeX Info: Redefining \dots on input line 499.
LaTeX Info: Redefining \cdots on input line 620.
\Mathstrutbox@=\box51
\strutbox@=\box52
LaTeX Info: Redefining \big on input line 722.
LaTeX Info: Redefining \Big on input line 723.
LaTeX Info: Redefining \bigg on input line 724.
LaTeX Info: Redefining \Bigg on input line 725.
\big@size=\dimen141
LaTeX Font Info:    Redeclaring font encoding OML on input line 743.
LaTeX Font Info:    Redeclaring font encoding OMS on input line 744.
\macc@depth=\count198
LaTeX Info: Redefining \bmod on input line 905.
LaTeX Info: Redefining \pmod on input line 910.
LaTeX Info: Redefining \smash on input line 940.
LaTeX Info: Redefining \relbar on input line 970.
LaTeX Info: Redefining \Relbar on input line 971.
\c@MaxMatrixCols=\count199
\dotsspace@=\muskip16
\c@parentequation=\count266
\dspbrk@lvl=\count267
\tag@help=\toks17
\row@=\count268
\column@=\count269
\maxfields@=\count270
\andhelp@=\toks18
\eqnshift@=\dimen142
\alignsep@=\dimen143
\tagshift@=\dimen144
\tagwidth@=\dimen145
\totwidth@=\dimen146
\lineht@=\dimen147
\@envbody=\toks19
\multlinegap=\skip50
\multlinetaggap=\skip51
\mathdisplay@stack=\toks20
LaTeX Info: Redefining \[ on input line 2953.
LaTeX Info: Redefining \] on input line 2954.
) (/Users/jonathankogan/Library/TinyTeX/texmf-dist/tex/latex/amsfonts/amssymb.sty
Package: amssymb 2013/01/14 v3.01 AMS font symbols
(/Users/jonathankogan/Library/TinyTeX/texmf-dist/tex/latex/amsfonts/amsfonts.sty
Package: amsfonts 2013/01/14 v3.01 Basic AMSFonts support
\symAMSa=\mathgroup4
\symAMSb=\mathgroup5
LaTeX Font Info:    Redeclaring math symbol \hbar on input line 98.
LaTeX Font Info:    Overwriting math alphabet `\mathfrak' in version `bold'
(Font)                  U/euf/m/n --> U/euf/b/n on input line 106.
)) (/Users/jonathankogan/Library/TinyTeX/texmf-dist/tex/latex/lm/lmodern.sty
Package: lmodern 2015/05/01 v1.6.1 Latin Modern Fonts
LaTeX Font Info:    Overwriting symbol font `operators' in version `normal'
(Font)                  OT1/cmr/m/n --> OT1/lmr/m/n on input line 22.
LaTeX Font Info:    Overwriting symbol font `letters' in version `normal'
(Font)                  OML/cmm/m/it --> OML/lmm/m/it on input line 23.
LaTeX Font Info:    Overwriting symbol font `symbols' in version `normal'
(Font)                  OMS/cmsy/m/n --> OMS/lmsy/m/n on input line 24.
LaTeX Font Info:    Overwriting symbol font `largesymbols' in version `normal'
(Font)                  OMX/cmex/m/n --> OMX/lmex/m/n on input line 25.
LaTeX Font Info:    Overwriting symbol font `operators' in version `bold'
(Font)                  OT1/cmr/bx/n --> OT1/lmr/bx/n on input line 26.
LaTeX Font Info:    Overwriting symbol font `letters' in version `bold'
(Font)                  OML/cmm/b/it --> OML/lmm/b/it on input line 27.
LaTeX Font Info:    Overwriting symbol font `symbols' in version `bold'
(Font)                  OMS/cmsy/b/n --> OMS/lmsy/b/n on input line 28.
LaTeX Font Info:    Overwriting symbol font `largesymbols' in version `bold'
(Font)                  OMX/cmex/m/n --> OMX/lmex/m/n on input line 29.
LaTeX Font Info:    Overwriting math alphabet `\mathbf' in version `normal'
(Font)                  OT1/cmr/bx/n --> OT1/lmr/bx/n on input line 31.
LaTeX Font Info:    Overwriting math alphabet `\mathsf' in version `normal'
(Font)                  OT1/cmss/m/n --> OT1/lmss/m/n on input line 32.
LaTeX Font Info:    Overwriting math alphabet `\mathit' in version `normal'
(Font)                  OT1/cmr/m/it --> OT1/lmr/m/it on input line 33.
LaTeX Font Info:    Overwriting math alphabet `\mathtt' in version `normal'
(Font)                  OT1/cmtt/m/n --> OT1/lmtt/m/n on input line 34.
LaTeX Font Info:    Overwriting math alphabet `\mathbf' in version `bold'
(Font)                  OT1/cmr/bx/n --> OT1/lmr/bx/n on input line 35.
LaTeX Font Info:    Overwriting math alphabet `\mathsf' in version `bold'
(Font)                  OT1/cmss/bx/n --> OT1/lmss/bx/n on input line 36.
LaTeX Font Info:    Overwriting math alphabet `\mathit' in version `bold'
(Font)                  OT1/cmr/bx/it --> OT1/lmr/bx/it on input line 37.
LaTeX Font Info:    Overwriting math alphabet `\mathtt' in version `bold'
(Font)                  OT1/cmtt/m/n --> OT1/lmtt/m/n on input line 38.
) (/Users/jonathankogan/Library/TinyTeX/texmf-dist/tex/generic/iftex/iftex.sty
Package: iftex 2022/02/03 v1.0f TeX engine tests
) (/Users/jonathankogan/Library/TinyTeX/texmf-dist/tex/latex/base/fontenc.sty
Package: fontenc 2021/04/29 v2.0v Standard LaTeX package
LaTeX Font Info:    Trying to load font information for T1+lmr on input line 112.
(/Users/jonathankogan/Library/TinyTeX/texmf-dist/tex/latex/lm/t1lmr.fd
File: t1lmr.fd 2015/05/01 v1.6.1 Font defs for Latin Modern
)) (/Users/jonathankogan/Library/TinyTeX/texmf-dist/tex/latex/base/inputenc.sty
Package: inputenc 2021/02/14 v1.3d Input encoding file
\inpenc@prehook=\toks21
\inpenc@posthook=\toks22
) (/Users/jonathankogan/Library/TinyTeX/texmf-dist/tex/latex/base/textcomp.sty
Package: textcomp 2020/02/02 v2.0n Standard LaTeX package
) (/Users/jonathankogan/Library/TinyTeX/texmf-dist/tex/latex/xcolor/xcolor.sty
Package: xcolor 2022/06/12 v2.14 LaTeX color extensions (UK)
(/Users/jonathankogan/Library/TinyTeX/texmf-dist/tex/latex/graphics-cfg/color.cfg
File: color.cfg 2016/01/02 v1.6 sample color configuration
)
Package xcolor Info: Driver file: pdftex.def on input line 227.
(/Users/jonathankogan/Library/TinyTeX/texmf-dist/tex/latex/graphics-def/pdftex.def
File: pdftex.def 2020/10/05 v1.2a Graphics/color driver for pdftex
) (/Users/jonathankogan/Library/TinyTeX/texmf-dist/tex/latex/graphics/mathcolor.ltx)
Package xcolor Info: Model `cmy' substituted by `cmy0' on input line 1353.
Package xcolor Info: Model `hsb' substituted by `rgb' on input line 1357.
Package xcolor Info: Model `RGB' extended on input line 1369.
Package xcolor Info: Model `HTML' substituted by `rgb' on input line 1371.
Package xcolor Info: Model `Hsb' substituted by `hsb' on input line 1372.
Package xcolor Info: Model `tHsb' substituted by `hsb' on input line 1373.
Package xcolor Info: Model `HSB' substituted by `hsb' on input line 1374.
Package xcolor Info: Model `Gray' substituted by `gray' on input line 1375.
Package xcolor Info: Model `wave' substituted by `hsb' on input line 1376.
) (/Users/jonathankogan/Library/TinyTeX/texmf-dist/tex/latex/hyperref/hyperref.sty
Package: hyperref 2022-06-20 v7.00s Hypertext links for LaTeX
(/Users/jonathankogan/Library/TinyTeX/texmf-dist/tex/generic/ltxcmds/ltxcmds.sty
Package: ltxcmds 2020-05-10 v1.25 LaTeX kernel commands for general use (HO)
) (/Users/jonathankogan/Library/TinyTeX/texmf-dist/tex/generic/pdftexcmds/pdftexcmds.sty
Package: pdftexcmds 2020-06-27 v0.33 Utility functions of pdfTeX for LuaTeX (HO)
(/Users/jonathankogan/Library/TinyTeX/texmf-dist/tex/generic/infwarerr/infwarerr.sty
Package: infwarerr 2019/12/03 v1.5 Providing info/warning/error messages (HO)
)
Package pdftexcmds Info: \pdf@primitive is available.
Package pdftexcmds Info: \pdf@ifprimitive is available.
Package pdftexcmds Info: \pdfdraftmode found.
) (/Users/jonathankogan/Library/TinyTeX/texmf-dist/tex/latex/graphics/keyval.sty
Package: keyval 2022/05/29 v1.15 key=value parser (DPC)
\KV@toks@=\toks23
) (/Users/jonathankogan/Library/TinyTeX/texmf-dist/tex/generic/kvsetkeys/kvsetkeys.sty
Package: kvsetkeys 2019/12/15 v1.18 Key value parser (HO)
) (/Users/jonathankogan/Library/TinyTeX/texmf-dist/tex/generic/kvdefinekeys/kvdefinekeys.sty
Package: kvdefinekeys 2019-12-19 v1.6 Define keys (HO)
) (/Users/jonathankogan/Library/TinyTeX/texmf-dist/tex/generic/pdfescape/pdfescape.sty
Package: pdfescape 2019/12/09 v1.15 Implements pdfTeX's escape features (HO)
) (/Users/jonathankogan/Library/TinyTeX/texmf-dist/tex/latex/hycolor/hycolor.sty
Package: hycolor 2020-01-27 v1.10 Color options for hyperref/bookmark (HO)
) (/Users/jonathankogan/Library/TinyTeX/texmf-dist/tex/latex/letltxmacro/letltxmacro.sty
Package: letltxmacro 2019/12/03 v1.6 Let assignment for LaTeX macros (HO)
) (/Users/jonathankogan/Library/TinyTeX/texmf-dist/tex/latex/auxhook/auxhook.sty
Package: auxhook 2019-12-17 v1.6 Hooks for auxiliary files (HO)
) (/Users/jonathankogan/Library/TinyTeX/texmf-dist/tex/latex/hyperref/nameref.sty
Package: nameref 2022-05-17 v2.50 Cross-referencing by name of section
(/Users/jonathankogan/Library/TinyTeX/texmf-dist/tex/latex/refcount/refcount.sty
Package: refcount 2019/12/15 v3.6 Data extraction from label references (HO)
) (/Users/jonathankogan/Library/TinyTeX/texmf-dist/tex/generic/gettitlestring/gettitlestring.sty
Package: gettitlestring 2019/12/15 v1.6 Cleanup title references (HO)
(/Users/jonathankogan/Library/TinyTeX/texmf-dist/tex/latex/kvoptions/kvoptions.sty
Package: kvoptions 2022-06-15 v3.15 Key value format for package options (HO)
))
\c@section@level=\count271
)
\@linkdim=\dimen148
\Hy@linkcounter=\count272
\Hy@pagecounter=\count273
(/Users/jonathankogan/Library/TinyTeX/texmf-dist/tex/latex/hyperref/pd1enc.def
File: pd1enc.def 2022-06-20 v7.00s Hyperref: PDFDocEncoding definition (HO)
Now handling font encoding PD1 ...
... no UTF-8 mapping file for font encoding PD1
) (/Users/jonathankogan/Library/TinyTeX/texmf-dist/tex/generic/intcalc/intcalc.sty
Package: intcalc 2019/12/15 v1.3 Expandable calculations with integers (HO)
) (/Users/jonathankogan/Library/TinyTeX/texmf-dist/tex/generic/etexcmds/etexcmds.sty
Package: etexcmds 2019/12/15 v1.7 Avoid name clashes with e-TeX commands (HO)
)
\Hy@SavedSpaceFactor=\count274
(/Users/jonathankogan/Library/TinyTeX/texmf-dist/tex/latex/hyperref/puenc.def
File: puenc.def 2022-06-20 v7.00s Hyperref: PDF Unicode definition (HO)
Now handling font encoding PU ...
... no UTF-8 mapping file for font encoding PU
)
Package hyperref Info: Option `unicode' set `true' on input line 4045.
Package hyperref Info: Hyper figures OFF on input line 4162.
Package hyperref Info: Link nesting OFF on input line 4167.
Package hyperref Info: Hyper index ON on input line 4170.
Package hyperref Info: Plain pages OFF on input line 4177.
Package hyperref Info: Backreferencing OFF on input line 4182.
Package hyperref Info: Implicit mode ON; LaTeX internals redefined.
Package hyperref Info: Bookmarks ON on input line 4408.
\c@Hy@tempcnt=\count275
(/Users/jonathankogan/Library/TinyTeX/texmf-dist/tex/latex/url/url.sty
\Urlmuskip=\muskip17
Package: url 2013/09/16  ver 3.4  Verb mode for urls, etc.
)
LaTeX Info: Redefining \url on input line 4746.
\XeTeXLinkMargin=\dimen149
(/Users/jonathankogan/Library/TinyTeX/texmf-dist/tex/generic/bitset/bitset.sty
Package: bitset 2019/12/09 v1.3 Handle bit-vector datatype (HO)
(/Users/jonathankogan/Library/TinyTeX/texmf-dist/tex/generic/bigintcalc/bigintcalc.sty
Package: bigintcalc 2019/12/15 v1.5 Expandable calculations on big integers (HO)
))
\Fld@menulength=\count276
\Field@Width=\dimen150
\Fld@charsize=\dimen151
Package hyperref Info: Hyper figures OFF on input line 6024.
Package hyperref Info: Link nesting OFF on input line 6029.
Package hyperref Info: Hyper index ON on input line 6032.
Package hyperref Info: backreferencing OFF on input line 6039.
Package hyperref Info: Link coloring OFF on input line 6044.
Package hyperref Info: Link coloring with OCG OFF on input line 6049.
Package hyperref Info: PDF/A mode OFF on input line 6054.
(/Users/jonathankogan/Library/TinyTeX/texmf-dist/tex/latex/base/atbegshi-ltx.sty
Package: atbegshi-ltx 2021/01/10 v1.0c Emulation of the original atbegshi
package with kernel methods
)
\Hy@abspage=\count277
\c@Item=\count278
\c@Hfootnote=\count279
)
Package hyperref Info: Driver (autodetected): hpdftex.
(/Users/jonathankogan/Library/TinyTeX/texmf-dist/tex/latex/hyperref/hpdftex.def
File: hpdftex.def 2022-06-20 v7.00s Hyperref driver for pdfTeX
(/Users/jonathankogan/Library/TinyTeX/texmf-dist/tex/latex/base/atveryend-ltx.sty
Package: atveryend-ltx 2020/08/19 v1.0a Emulation of the original atveryend package
with kernel methods
)
\Fld@listcount=\count280
\c@bookmark@seq@number=\count281
(/Users/jonathankogan/Library/TinyTeX/texmf-dist/tex/latex/rerunfilecheck/rerunfilecheck.sty
Package: rerunfilecheck 2019/12/05 v1.9 Rerun checks for auxiliary files (HO)
(/Users/jonathankogan/Library/TinyTeX/texmf-dist/tex/generic/uniquecounter/uniquecounter.sty
Package: uniquecounter 2019/12/15 v1.4 Provide unlimited unique counter (HO)
)
Package uniquecounter Info: New unique counter `rerunfilecheck' on input line 286.
)
\Hy@SectionHShift=\skip52
) (/Users/jonathankogan/Library/TinyTeX/texmf-dist/tex/latex/geometry/geometry.sty
Package: geometry 2020/01/02 v5.9 Page Geometry
(/Users/jonathankogan/Library/TinyTeX/texmf-dist/tex/generic/iftex/ifvtex.sty
Package: ifvtex 2019/10/25 v1.7 ifvtex legacy package. Use iftex instead.
)
\Gm@cnth=\count282
\Gm@cntv=\count283
\c@Gm@tempcnt=\count284
\Gm@bindingoffset=\dimen152
\Gm@wd@mp=\dimen153
\Gm@odd@mp=\dimen154
\Gm@even@mp=\dimen155
\Gm@layoutwidth=\dimen156
\Gm@layoutheight=\dimen157
\Gm@layouthoffset=\dimen158
\Gm@layoutvoffset=\dimen159
\Gm@dimlist=\toks24
) (/Users/jonathankogan/Library/TinyTeX/texmf-dist/tex/latex/fancyvrb/fancyvrb.sty
Package: fancyvrb 2022/06/06 4.5 verbatim text (tvz,hv)
\FV@CodeLineNo=\count285
\FV@InFile=\read2
\FV@TabBox=\box53
\c@FancyVerbLine=\count286
\FV@StepNumber=\count287
\FV@OutFile=\write3
) (/Users/jonathankogan/Library/TinyTeX/texmf-dist/tex/latex/framed/framed.sty
Package: framed 2011/10/22 v 0.96: framed or shaded text with page breaks
\OuterFrameSep=\skip53
\fb@frw=\dimen160
\fb@frh=\dimen161
\FrameRule=\dimen162
\FrameSep=\dimen163
) (/Users/jonathankogan/Library/TinyTeX/texmf-dist/tex/latex/graphics/graphicx.sty
Package: graphicx 2021/09/16 v1.2d Enhanced LaTeX Graphics (DPC,SPQR)
(/Users/jonathankogan/Library/TinyTeX/texmf-dist/tex/latex/graphics/graphics.sty
Package: graphics 2022/03/10 v1.4e Standard LaTeX Graphics (DPC,SPQR)
(/Users/jonathankogan/Library/TinyTeX/texmf-dist/tex/latex/graphics/trig.sty
Package: trig 2021/08/11 v1.11 sin cos tan (DPC)
) (/Users/jonathankogan/Library/TinyTeX/texmf-dist/tex/latex/graphics-cfg/graphics.cfg
File: graphics.cfg 2016/06/04 v1.11 sample graphics configuration
)
Package graphics Info: Driver file: pdftex.def on input line 107.
)
\Gin@req@height=\dimen164
\Gin@req@width=\dimen165
) (/Users/jonathankogan/Library/TinyTeX/texmf-dist/tex/latex/l3backend/l3backend-pdftex.def
File: l3backend-pdftex.def 2022-07-01 L3 backend support: PDF output (pdfTeX)
\l__color_backend_stack_int=\count288
\l__pdf_internal_box=\box54
)
No file initial_analysis.aux.
\openout1 = `initial_analysis.aux'.

LaTeX Font Info:    Checking defaults for OML/cmm/m/it on input line 110.
LaTeX Font Info:    ... okay on input line 110.
LaTeX Font Info:    Checking defaults for OMS/cmsy/m/n on input line 110.
LaTeX Font Info:    ... okay on input line 110.
LaTeX Font Info:    Checking defaults for OT1/cmr/m/n on input line 110.
LaTeX Font Info:    ... okay on input line 110.
LaTeX Font Info:    Checking defaults for T1/cmr/m/n on input line 110.
LaTeX Font Info:    ... okay on input line 110.
LaTeX Font Info:    Checking defaults for TS1/cmr/m/n on input line 110.
LaTeX Font Info:    ... okay on input line 110.
LaTeX Font Info:    Checking defaults for OMX/cmex/m/n on input line 110.
LaTeX Font Info:    ... okay on input line 110.
LaTeX Font Info:    Checking defaults for U/cmr/m/n on input line 110.
LaTeX Font Info:    ... okay on input line 110.
LaTeX Font Info:    Checking defaults for PD1/pdf/m/n on input line 110.
LaTeX Font Info:    ... okay on input line 110.
LaTeX Font Info:    Checking defaults for PU/pdf/m/n on input line 110.
LaTeX Font Info:    ... okay on input line 110.
(/Users/jonathankogan/Library/TinyTeX/texmf-dist/tex/latex/epstopdf-pkg/epstopdf-base.sty
Package: epstopdf-base 2020-01-24 v2.11 Base part for package epstopdf
Package epstopdf-base Info: Redefining graphics rule for `.eps' on input line 485.
(/Users/jonathankogan/Library/TinyTeX/texmf-dist/tex/latex/latexconfig/epstopdf-sys.cfg
File: epstopdf-sys.cfg 2010/07/13 v1.3 Configuration of (r)epstopdf for TeX Live
))
Package hyperref Info: Link coloring OFF on input line 110.
\@outlinefile=\write4
\openout4 = `initial_analysis.out'.

*geometry* driver: auto-detecting
*geometry* detected driver: pdftex
*geometry* verbose mode - [ preamble ] result:
* driver: pdftex
* paper: <default>
* layout: <same size as paper>
* layoutoffset:(h,v)=(0.0pt,0.0pt)
* modes: 
* h-part:(L,W,R)=(72.26999pt, 469.75502pt, 72.26999pt)
* v-part:(T,H,B)=(72.26999pt, 650.43001pt, 72.26999pt)
* \paperwidth=614.295pt
* \paperheight=794.96999pt
* \textwidth=469.75502pt
* \textheight=650.43001pt
* \oddsidemargin=0.0pt
* \evensidemargin=0.0pt
* \topmargin=-37.0pt
* \headheight=12.0pt
* \headsep=25.0pt
* \topskip=10.0pt
* \footskip=30.0pt
* \marginparwidth=65.0pt
* \marginparsep=11.0pt
* \columnsep=10.0pt
* \skip\footins=9.0pt plus 4.0pt minus 2.0pt
* \hoffset=0.0pt
* \voffset=0.0pt
* \mag=1000
* \@twocolumnfalse
* \@twosidefalse
* \@mparswitchfalse
* \@reversemarginfalse
* (1in=72.27pt=25.4mm, 1cm=28.453pt)

LaTeX Font Info:    Trying to load font information for OT1+lmr on input line 112.
(/Users/jonathankogan/Library/TinyTeX/texmf-dist/tex/latex/lm/ot1lmr.fd
File: ot1lmr.fd 2015/05/01 v1.6.1 Font defs for Latin Modern
)
LaTeX Font Info:    Trying to load font information for OML+lmm on input line 112.
(/Users/jonathankogan/Library/TinyTeX/texmf-dist/tex/latex/lm/omllmm.fd
File: omllmm.fd 2015/05/01 v1.6.1 Font defs for Latin Modern
)
LaTeX Font Info:    Trying to load font information for OMS+lmsy on input line 112.
(/Users/jonathankogan/Library/TinyTeX/texmf-dist/tex/latex/lm/omslmsy.fd
File: omslmsy.fd 2015/05/01 v1.6.1 Font defs for Latin Modern
)
LaTeX Font Info:    Trying to load font information for OMX+lmex on input line 112.
(/Users/jonathankogan/Library/TinyTeX/texmf-dist/tex/latex/lm/omxlmex.fd
File: omxlmex.fd 2015/05/01 v1.6.1 Font defs for Latin Modern
)
LaTeX Font Info:    External font `lmex10' loaded for size
(Font)              <12> on input line 112.
LaTeX Font Info:    External font `lmex10' loaded for size
(Font)              <8> on input line 112.
LaTeX Font Info:    External font `lmex10' loaded for size
(Font)              <6> on input line 112.
LaTeX Font Info:    Trying to load font information for U+msa on input line 112.
(/Users/jonathankogan/Library/TinyTeX/texmf-dist/tex/latex/amsfonts/umsa.fd
File: umsa.fd 2013/01/14 v3.01 AMS symbols A
)
LaTeX Font Info:    Trying to load font information for U+msb on input line 112.
(/Users/jonathankogan/Library/TinyTeX/texmf-dist/tex/latex/amsfonts/umsb.fd
File: umsb.fd 2013/01/14 v3.01 AMS symbols B
)
LaTeX Font Info:    Trying to load font information for T1+lmtt on input line 114.
(/Users/jonathankogan/Library/TinyTeX/texmf-dist/tex/latex/lm/t1lmtt.fd
File: t1lmtt.fd 2015/05/01 v1.6.1 Font defs for Latin Modern
) [1

{/Users/jonathankogan/Library/TinyTeX/texmf-var/fonts/map/pdftex/updmap/pdftex.map}] [2] [3] [4] [5] [6] [7] [8] [9] [10] [11] [12] [13]
Overfull \hbox (60.49344pt too wide) in paragraph at lines 3512--3512
[]\T1/lmtt/m/n/10 ##                                                                                               song[] 
 []


Overfull \hbox (60.49344pt too wide) in paragraph at lines 3512--3512
[]\T1/lmtt/m/n/10 ## 1                                                                           Oops!...I Did It Again[] 
 []


Overfull \hbox (60.49344pt too wide) in paragraph at lines 3512--3512
[]\T1/lmtt/m/n/10 ## 2                                                                             All The Small Things[] 
 []


Overfull \hbox (60.49344pt too wide) in paragraph at lines 3512--3512
[]\T1/lmtt/m/n/10 ## 3                                                                                     It's My Life[] 
 []


Overfull \hbox (60.49344pt too wide) in paragraph at lines 3512--3512
[]\T1/lmtt/m/n/10 ## 4                                                                              The Real Slim Shady[] 
 []


Overfull \hbox (60.49344pt too wide) in paragraph at lines 3512--3512
[]\T1/lmtt/m/n/10 ## 5                                                                                      Say My Name[] 
 []


Overfull \hbox (60.49344pt too wide) in paragraph at lines 3512--3512
[]\T1/lmtt/m/n/10 ## 6                                                                           Lady - Hear Me Tonight[] 
 []


Overfull \hbox (60.49344pt too wide) in paragraph at lines 3512--3512
[]\T1/lmtt/m/n/10 ## 7                                                                                 Better Off Alone[] 
 []


Overfull \hbox (60.49344pt too wide) in paragraph at lines 3512--3512
[]\T1/lmtt/m/n/10 ## 8                                                                                 The Next Episode[] 
 []


Overfull \hbox (60.49344pt too wide) in paragraph at lines 3512--3512
[]\T1/lmtt/m/n/10 ## 9                                                                                       In the End[] 
 []


Overfull \hbox (60.49344pt too wide) in paragraph at lines 3512--3512
[]\T1/lmtt/m/n/10 ## 10                                                                              Take A Look Around[] 
 []


Overfull \hbox (60.49344pt too wide) in paragraph at lines 3512--3512
[]\T1/lmtt/m/n/10 ## 11                                                                                        Party Up[] 
 []


Overfull \hbox (60.49344pt too wide) in paragraph at lines 3512--3512
[]\T1/lmtt/m/n/10 ## 12                                                                                Forgot About Dre[] 
 []


Overfull \hbox (60.49344pt too wide) in paragraph at lines 3512--3512
[]\T1/lmtt/m/n/10 ## 13                                                                                       Otherside[] 
 []


Overfull \hbox (60.49344pt too wide) in paragraph at lines 3512--3512
[]\T1/lmtt/m/n/10 ## 14                                                                                      Kryptonite[] 
 []


Overfull \hbox (60.49344pt too wide) in paragraph at lines 3512--3512
[]\T1/lmtt/m/n/10 ## 15                                                                                 Teenage Dirtbag[] 
 []


Overfull \hbox (60.49344pt too wide) in paragraph at lines 3512--3512
[]\T1/lmtt/m/n/10 ## 16                                                                                    It Wasn't Me[] 
 []


Overfull \hbox (60.49344pt too wide) in paragraph at lines 3512--3512
[]\T1/lmtt/m/n/10 ## 17                                                                                            Stan[] 
 []


Overfull \hbox (60.49344pt too wide) in paragraph at lines 3512--3512
[]\T1/lmtt/m/n/10 ## 18                                                                    Can't Get You out of My Head[] 
 []


Overfull \hbox (60.49344pt too wide) in paragraph at lines 3512--3512
[]\T1/lmtt/m/n/10 ## 19                                                                              Whenever, Wherever[] 
 []


Overfull \hbox (60.49344pt too wide) in paragraph at lines 3512--3512
[]\T1/lmtt/m/n/10 ## 20                                                                                      The Middle[] 
 []


Overfull \hbox (60.49344pt too wide) in paragraph at lines 3512--3512
[]\T1/lmtt/m/n/10 ## 21                                                                      Drops of Jupiter (Tell Me)[] 
 []


Overfull \hbox (60.49344pt too wide) in paragraph at lines 3512--3512
[]\T1/lmtt/m/n/10 ## 22                                                                        Hit 'Em Up Style (Oops!)[] 
 []


Overfull \hbox (60.49344pt too wide) in paragraph at lines 3512--3512
[]\T1/lmtt/m/n/10 ## 23                                                                                   Family Affair[] 
 []


Overfull \hbox (60.49344pt too wide) in paragraph at lines 3512--3512
[]\T1/lmtt/m/n/10 ## 24                                                                      Rollin' (Air Raid Vehicle)[] 
 []


Overfull \hbox (60.49344pt too wide) in paragraph at lines 3512--3512
[]\T1/lmtt/m/n/10 ## 25                                                                                       Butterfly[] 
 []


Overfull \hbox (60.49344pt too wide) in paragraph at lines 3512--3512
[]\T1/lmtt/m/n/10 ## 26                                                                             Let Me Blow Ya Mind[] 
 []


Overfull \hbox (60.49344pt too wide) in paragraph at lines 3512--3512
[]\T1/lmtt/m/n/10 ## 27                                                                               How You Remind Me[] 
 []


Overfull \hbox (60.49344pt too wide) in paragraph at lines 3512--3512
[]\T1/lmtt/m/n/10 ## 28                                                                                   One More Time[] 
 []


Overfull \hbox (60.49344pt too wide) in paragraph at lines 3512--3512
[]\T1/lmtt/m/n/10 ## 29                                                                                     Ms. Jackson[] 
 []


Overfull \hbox (60.49344pt too wide) in paragraph at lines 3512--3512
[]\T1/lmtt/m/n/10 ## 30                                                                                       Thank You[] 
 []


Overfull \hbox (60.49344pt too wide) in paragraph at lines 3512--3512
[]\T1/lmtt/m/n/10 ## 31                                                                                  Clint Eastwood[] 
 []


Overfull \hbox (60.49344pt too wide) in paragraph at lines 3512--3512
[]\T1/lmtt/m/n/10 ## 32                                                                                 Smooth Criminal[] 
 []


Overfull \hbox (60.49344pt too wide) in paragraph at lines 3512--3512
[]\T1/lmtt/m/n/10 ## 33                                                                                     Ride Wit Me[] 
 []


Overfull \hbox (60.49344pt too wide) in paragraph at lines 3512--3512
[]\T1/lmtt/m/n/10 ## 34                                                                                         Dilemma[] 
 []


Overfull \hbox (60.49344pt too wide) in paragraph at lines 3512--3512
[]\T1/lmtt/m/n/10 ## 35                                                                                      Without Me[] 
 []


Overfull \hbox (60.49344pt too wide) in paragraph at lines 3512--3512
[]\T1/lmtt/m/n/10 ## 36                                                                                     Complicated[] 
 []


Overfull \hbox (60.49344pt too wide) in paragraph at lines 3512--3512
[]\T1/lmtt/m/n/10 ## 37                                                                                A Thousand Miles[] 
 []


Overfull \hbox (60.49344pt too wide) in paragraph at lines 3512--3512
[]\T1/lmtt/m/n/10 ## 38                                                                            Wherever You Will Go[] 
 []


Overfull \hbox (60.49344pt too wide) in paragraph at lines 3512--3512
[]\T1/lmtt/m/n/10 ## 39                                                                                'Till I Collapse[] 
 []


Overfull \hbox (60.49344pt too wide) in paragraph at lines 3512--3512
[]\T1/lmtt/m/n/10 ## 40                                                                                      In the End[] 
 []


Overfull \hbox (60.49344pt too wide) in paragraph at lines 3512--3512
[]\T1/lmtt/m/n/10 ## 41                                                                                    Hot In Herre[] 
 []


Overfull \hbox (60.49344pt too wide) in paragraph at lines 3512--3512
[]\T1/lmtt/m/n/10 ## 42                                                           What's Luv? (feat. Ja-Rule & Ashanti)[] 
 []


Overfull \hbox (60.49344pt too wide) in paragraph at lines 3512--3512
[]\T1/lmtt/m/n/10 ## 43                                                                                      Can't Stop[] 
 []


Overfull \hbox (60.49344pt too wide) in paragraph at lines 3512--3512
[]\T1/lmtt/m/n/10 ## 44                                                                          Cleanin' Out My Closet[] 
 []


Overfull \hbox (60.49344pt too wide) in paragraph at lines 3512--3512
[]\T1/lmtt/m/n/10 ## 45                                                                                          Clocks[] 
 []


Overfull \hbox (60.49344pt too wide) in paragraph at lines 3512--3512
[]\T1/lmtt/m/n/10 ## 46                                                                                  Always On Time[] 
 []


Overfull \hbox (60.49344pt too wide) in paragraph at lines 3512--3512
[]\T1/lmtt/m/n/10 ## 47                                                                                       Sk8er Boi[] 
 []


Overfull \hbox (60.49344pt too wide) in paragraph at lines 3512--3512
[]\T1/lmtt/m/n/10 ## 48                                                                                      By the Way[] 
 []


Overfull \hbox (60.49344pt too wide) in paragraph at lines 3512--3512
[]\T1/lmtt/m/n/10 ## 49                                                                                     In My Place[] 
 []


Overfull \hbox (60.49344pt too wide) in paragraph at lines 3512--3512
[]\T1/lmtt/m/n/10 ## 50                                                                                      In Da Club[] 
 []

[14]
Overfull \hbox (60.49344pt too wide) in paragraph at lines 3512--3512
[]\T1/lmtt/m/n/10 ## 51                                                                                        Get Busy[] 
 []


Overfull \hbox (60.49344pt too wide) in paragraph at lines 3512--3512
[]\T1/lmtt/m/n/10 ## 52                                                        Lose Yourself - From "8 Mile" Soundtrack[] 
 []


Overfull \hbox (60.49344pt too wide) in paragraph at lines 3512--3512
[]\T1/lmtt/m/n/10 ## 53                                                                     Crazy In Love (feat. Jay-Z)[] 
 []


Overfull \hbox (60.49344pt too wide) in paragraph at lines 3512--3512
[]\T1/lmtt/m/n/10 ## 54                                                                              03' Bonnie & Clyde[] 
 []


Overfull \hbox (60.49344pt too wide) in paragraph at lines 3512--3512
[]\T1/lmtt/m/n/10 ## 55                                                                                        P.I.M.P.[] 
 []


Overfull \hbox (60.49344pt too wide) in paragraph at lines 3512--3512
[]\T1/lmtt/m/n/10 ## 56                                                                                           Faint[] 
 []


Overfull \hbox (60.49344pt too wide) in paragraph at lines 3512--3512
[]\T1/lmtt/m/n/10 ## 57                                                                                Bring Me To Life[] 
 []


Overfull \hbox (60.49344pt too wide) in paragraph at lines 3512--3512
[]\T1/lmtt/m/n/10 ## 58                                                                     I Hate Everything About You[] 
 []


Overfull \hbox (60.49344pt too wide) in paragraph at lines 3512--3512
[]\T1/lmtt/m/n/10 ## 59                                                                                       Suga Suga[] 
 []


Overfull \hbox (60.49344pt too wide) in paragraph at lines 3512--3512
[]\T1/lmtt/m/n/10 ## 60                                                                                  Rock Your Body[] 
 []


Overfull \hbox (60.49344pt too wide) in paragraph at lines 3512--3512
[]\T1/lmtt/m/n/10 ## 61                                                                                      Headstrong[] 
 []


Overfull \hbox (60.49344pt too wide) in paragraph at lines 3512--3512
[]\T1/lmtt/m/n/10 ## 62                                                                             Sing For The Moment[] 
 []


Overfull \hbox (60.49344pt too wide) in paragraph at lines 3512--3512
[]\T1/lmtt/m/n/10 ## 63                                                                                    21 Questions[] 
 []


Overfull \hbox (60.49344pt too wide) in paragraph at lines 3512--3512
[]\T1/lmtt/m/n/10 ## 64                                                                                  Cry Me a River[] 
 []


Overfull \hbox (60.49344pt too wide) in paragraph at lines 3512--3512
[]\T1/lmtt/m/n/10 ## 65                                                                                          Clocks[] 
 []


Overfull \hbox (60.49344pt too wide) in paragraph at lines 3512--3512
[]\T1/lmtt/m/n/10 ## 66                                                                                    Like a Stone[] 
 []


Overfull \hbox (60.49344pt too wide) in paragraph at lines 3512--3512
[]\T1/lmtt/m/n/10 ## 67                                                                                        Reptilia[] 
 []


Overfull \hbox (60.49344pt too wide) in paragraph at lines 3512--3512
[]\T1/lmtt/m/n/10 ## 68                                                                Yeah! (feat. Lil Jon & Ludacris)[] 
 []


Overfull \hbox (60.49344pt too wide) in paragraph at lines 3512--3512
[]\T1/lmtt/m/n/10 ## 69                                                                                       This Love[] 
 []


Overfull \hbox (60.49344pt too wide) in paragraph at lines 3512--3512
[]\T1/lmtt/m/n/10 ## 70                                                                                           Toxic[] 
 []


Overfull \hbox (60.49344pt too wide) in paragraph at lines 3512--3512
[]\T1/lmtt/m/n/10 ## 71                                                                                         Hey Ya![] 
 []


Overfull \hbox (60.49344pt too wide) in paragraph at lines 3512--3512
[]\T1/lmtt/m/n/10 ## 72                                                                                      The Reason[] 
 []


Overfull \hbox (60.49344pt too wide) in paragraph at lines 3512--3512
[]\T1/lmtt/m/n/10 ## 73                                                                                            Numb[] 
 []


Overfull \hbox (60.49344pt too wide) in paragraph at lines 3512--3512
[]\T1/lmtt/m/n/10 ## 74                                                                                         My Band[] 
 []


Overfull \hbox (60.49344pt too wide) in paragraph at lines 3512--3512
[]\T1/lmtt/m/n/10 ## 75                                                                          Call on Me - Radio Mix[] 
 []


Overfull \hbox (60.49344pt too wide) in paragraph at lines 3512--3512
[]\T1/lmtt/m/n/10 ## 76                                                                                       Suga Suga[] 
 []


Overfull \hbox (60.49344pt too wide) in paragraph at lines 3512--3512
[]\T1/lmtt/m/n/10 ## 77                                                                                     Take Me Out[] 
 []


Overfull \hbox (60.49344pt too wide) in paragraph at lines 3512--3512
[]\T1/lmtt/m/n/10 ## 78                                                                                     Jesus Walks[] 
 []


Overfull \hbox (60.49344pt too wide) in paragraph at lines 3512--3512
[]\T1/lmtt/m/n/10 ## 79                                                                                     My Immortal[] 
 []


Overfull \hbox (60.49344pt too wide) in paragraph at lines 3512--3512
[]\T1/lmtt/m/n/10 ## 80                                                                                       Slow Jamz[] 
 []


Overfull \hbox (60.49344pt too wide) in paragraph at lines 3512--3512
[]\T1/lmtt/m/n/10 ## 81                                                                                  American Idiot[] 
 []


Overfull \hbox (60.49344pt too wide) in paragraph at lines 3512--3512
[]\T1/lmtt/m/n/10 ## 82                                                                                Through The Wire[] 
 []


Overfull \hbox (60.49344pt too wide) in paragraph at lines 3512--3512
[]\T1/lmtt/m/n/10 ## 83                                                                                Here Without You[] 
 []


Overfull \hbox (60.49344pt too wide) in paragraph at lines 3512--3512
[]\T1/lmtt/m/n/10 ## 84                                                                                  All Falls Down[] 
 []


Overfull \hbox (60.49344pt too wide) in paragraph at lines 3512--3512
[]\T1/lmtt/m/n/10 ## 85                                                                                          My Boo[] 
 []


Overfull \hbox (60.49344pt too wide) in paragraph at lines 3512--3512
[]\T1/lmtt/m/n/10 ## 86                                                                                 Let Me Love You[] 
 []


Overfull \hbox (60.49344pt too wide) in paragraph at lines 3512--3512
[]\T1/lmtt/m/n/10 ## 87                                                                                     Gold Digger[] 
 []


Overfull \hbox (60.49344pt too wide) in paragraph at lines 3512--3512
[]\T1/lmtt/m/n/10 ## 88                                                                                   Pon de Replay[] 
 []


Overfull \hbox (60.49344pt too wide) in paragraph at lines 3512--3512
[]\T1/lmtt/m/n/10 ## 89                                                                                      Candy Shop[] 
 []


Overfull \hbox (60.49344pt too wide) in paragraph at lines 3512--3512
[]\T1/lmtt/m/n/10 ## 90                                                                                You're Beautiful[] 
 []


Overfull \hbox (60.49344pt too wide) in paragraph at lines 3512--3512
[]\T1/lmtt/m/n/10 ## 91                                                                      Boulevard of Broken Dreams[] 
 []


Overfull \hbox (60.49344pt too wide) in paragraph at lines 3512--3512
[]\T1/lmtt/m/n/10 ## 92                                                                                       Don't Cha[] 
 []


Overfull \hbox (60.49344pt too wide) in paragraph at lines 3512--3512
[]\T1/lmtt/m/n/10 ## 93                                                                                         Bad Day[] 
 []


Overfull \hbox (60.49344pt too wide) in paragraph at lines 3512--3512
[]\T1/lmtt/m/n/10 ## 94                                                                                         Hung Up[] 
 []


Overfull \hbox (60.49344pt too wide) in paragraph at lines 3512--3512
[]\T1/lmtt/m/n/10 ## 95                                                                                  Just A Lil Bit[] 
 []


Overfull \hbox (60.49344pt too wide) in paragraph at lines 3512--3512
[]\T1/lmtt/m/n/10 ## 96                                                      Remember the Name (feat. Styles of Beyond)[] 
 []


Overfull \hbox (60.49344pt too wide) in paragraph at lines 3512--3512
[]\T1/lmtt/m/n/10 ## 97                                                                                   Disco Inferno[] 
 []


Overfull \hbox (60.49344pt too wide) in paragraph at lines 3512--3512
[]\T1/lmtt/m/n/10 ## 98                                                                                       How We Do[] 
 []


Overfull \hbox (60.49344pt too wide) in paragraph at lines 3512--3512
[]\T1/lmtt/m/n/10 ## 99                                                                   Run It! (feat. Juelz Santana)[] 
 []


Overfull \hbox (60.49344pt too wide) in paragraph at lines 3512--3512
[]\T1/lmtt/m/n/10 ## 100                                                                                  Numb / Encore[] 
 []


Overfull \hbox (60.49344pt too wide) in paragraph at lines 3512--3512
[]\T1/lmtt/m/n/10 ## 101                                                                             Hate It Or Love It[] 
 []


Overfull \hbox (60.49344pt too wide) in paragraph at lines 3512--3512
[]\T1/lmtt/m/n/10 ## 102                                                                                 Feel Good Inc.[] 
 []


Overfull \hbox (60.49344pt too wide) in paragraph at lines 3512--3512
[]\T1/lmtt/m/n/10 ## 103                                                                                    Mockingbird[] 
 []


Overfull \hbox (60.49344pt too wide) in paragraph at lines 3512--3512
[]\T1/lmtt/m/n/10 ## 104                                                              La Tortura (feat. Alejandro Sanz)[] 
 []

[15]
Overfull \hbox (60.49344pt too wide) in paragraph at lines 3512--3512
[]\T1/lmtt/m/n/10 ## 105                                                                                           DARE[] 
 []


Overfull \hbox (60.49344pt too wide) in paragraph at lines 3512--3512
[]\T1/lmtt/m/n/10 ## 106                                                                                       The Kill[] 
 []


Overfull \hbox (60.49344pt too wide) in paragraph at lines 3512--3512
[]\T1/lmtt/m/n/10 ## 107                                                          I Bet You Look Good On The Dancefloor[] 
 []


Overfull \hbox (60.49344pt too wide) in paragraph at lines 3512--3512
[]\T1/lmtt/m/n/10 ## 108                                                                                 Because of You[] 
 []


Overfull \hbox (60.49344pt too wide) in paragraph at lines 3512--3512
[]\T1/lmtt/m/n/10 ## 109                                                                                 Suddenly I See[] 
 []


Overfull \hbox (60.49344pt too wide) in paragraph at lines 3512--3512
[]\T1/lmtt/m/n/10 ## 110                                                                              Since U Been Gone[] 
 []


Overfull \hbox (60.49344pt too wide) in paragraph at lines 3512--3512
[]\T1/lmtt/m/n/10 ## 111                                                                                    Best of You[] 
 []


Overfull \hbox (60.49344pt too wide) in paragraph at lines 3512--3512
[]\T1/lmtt/m/n/10 ## 112                                                             Hips Don't Lie (feat. Wyclef Jean)[] 
 []


Overfull \hbox (60.49344pt too wide) in paragraph at lines 3512--3512
[]\T1/lmtt/m/n/10 ## 113                                                                                    Temperature[] 
 []


Overfull \hbox (60.49344pt too wide) in paragraph at lines 3512--3512
[]\T1/lmtt/m/n/10 ## 114                                                                     SexyBack (feat. Timbaland)[] 
 []


Overfull \hbox (60.49344pt too wide) in paragraph at lines 3512--3512
[]\T1/lmtt/m/n/10 ## 115                                                                                          Rehab[] 
 []


Overfull \hbox (60.49344pt too wide) in paragraph at lines 3512--3512
[]\T1/lmtt/m/n/10 ## 116                                                                                            SOS[] 
 []


Overfull \hbox (60.49344pt too wide) in paragraph at lines 3512--3512
[]\T1/lmtt/m/n/10 ## 117                                                                                          Crazy[] 
 []


Overfull \hbox (60.49344pt too wide) in paragraph at lines 3512--3512
[]\T1/lmtt/m/n/10 ## 118                                                                                       Maneater[] 
 []


Overfull \hbox (60.49344pt too wide) in paragraph at lines 3512--3512
[]\T1/lmtt/m/n/10 ## 119                                                                                         Ridin'[] 
 []


Overfull \hbox (60.49344pt too wide) in paragraph at lines 3512--3512
[]\T1/lmtt/m/n/10 ## 120                                                                                        Pump It[] 
 []


Overfull \hbox (60.49344pt too wide) in paragraph at lines 3512--3512
[]\T1/lmtt/m/n/10 ## 121                                                                                    Promiscuous[] 
 []


Overfull \hbox (60.49344pt too wide) in paragraph at lines 3512--3512
[]\T1/lmtt/m/n/10 ## 122                                                                                     Shake That[] 
 []


Overfull \hbox (60.49344pt too wide) in paragraph at lines 3512--3512
[]\T1/lmtt/m/n/10 ## 123                                                                        Supermassive Black Hole[] 
 []


Overfull \hbox (60.49344pt too wide) in paragraph at lines 3512--3512
[]\T1/lmtt/m/n/10 ## 124                                                                                         Me & U[] 
 []


Overfull \hbox (60.49344pt too wide) in paragraph at lines 3512--3512
[]\T1/lmtt/m/n/10 ## 125                                                                           My Love (feat. T.I.)[] 
 []


Overfull \hbox (60.49344pt too wide) in paragraph at lines 3512--3512
[]\T1/lmtt/m/n/10 ## 126                                                                                  Touch The Sky[] 
 []


Overfull \hbox (60.49344pt too wide) in paragraph at lines 3512--3512
[]\T1/lmtt/m/n/10 ## 127                                                                                   Dance, Dance[] 
 []


Overfull \hbox (60.49344pt too wide) in paragraph at lines 3512--3512
[]\T1/lmtt/m/n/10 ## 128                                                                         When The Sun Goes Down[] 
 []


Overfull \hbox (60.49344pt too wide) in paragraph at lines 3512--3512
[]\T1/lmtt/m/n/10 ## 129                                                                                           Love[] 
 []


Overfull \hbox (60.49344pt too wide) in paragraph at lines 3512--3512
[]\T1/lmtt/m/n/10 ## 130                                                                                Dani California[] 
 []


Overfull \hbox (60.49344pt too wide) in paragraph at lines 3512--3512
[]\T1/lmtt/m/n/10 ## 131                                                                                        So Sick[] 
 []


Overfull \hbox (60.49344pt too wide) in paragraph at lines 3512--3512
[]\T1/lmtt/m/n/10 ## 132                                                                             How to Save a Life[] 
 []


Overfull \hbox (60.49344pt too wide) in paragraph at lines 3512--3512
[]\T1/lmtt/m/n/10 ## 133                                                                    Welcome to the Black Parade[] 
 []


Overfull \hbox (60.49344pt too wide) in paragraph at lines 3512--3512
[]\T1/lmtt/m/n/10 ## 134                                                                                          Naive[] 
 []


Overfull \hbox (60.49344pt too wide) in paragraph at lines 3512--3512
[]\T1/lmtt/m/n/10 ## 135                                                                                  Bleeding Love[] 
 []


Overfull \hbox (60.49344pt too wide) in paragraph at lines 3512--3512
[]\T1/lmtt/m/n/10 ## 136                                                                                       Umbrella[] 
 []


Overfull \hbox (60.49344pt too wide) in paragraph at lines 3512--3512
[]\T1/lmtt/m/n/10 ## 137                                                                                     Gimme More[] 
 []


Overfull \hbox (60.49344pt too wide) in paragraph at lines 3512--3512
[]\T1/lmtt/m/n/10 ## 138                                                                 Big Girls Don't Cry (Personal)[] 
 []


Overfull \hbox (60.49344pt too wide) in paragraph at lines 3512--3512
[]\T1/lmtt/m/n/10 ## 139                                                                              Hey There Delilah[] 
 []


Overfull \hbox (60.49344pt too wide) in paragraph at lines 3512--3512
[]\T1/lmtt/m/n/10 ## 140                                                                               The Sweet Escape[] 
 []


Overfull \hbox (60.49344pt too wide) in paragraph at lines 3512--3512
[]\T1/lmtt/m/n/10 ## 141                                                                                  The Way I Are[] 
 []


Overfull \hbox (60.49344pt too wide) in paragraph at lines 3512--3512
[]\T1/lmtt/m/n/10 ## 142                                                                                   Say It Right[] 
 []


Overfull \hbox (60.49344pt too wide) in paragraph at lines 3512--3512
[]\T1/lmtt/m/n/10 ## 143                                                              Destination Calabria - Radio Edit[] 
 []


Overfull \hbox (60.49344pt too wide) in paragraph at lines 3512--3512
[]\T1/lmtt/m/n/10 ## 144                                                                        Crank That (Soulja Boy)[] 
 []


Overfull \hbox (60.49344pt too wide) in paragraph at lines 3512--3512
[]\T1/lmtt/m/n/10 ## 145                                                                                 What I've Done[] 
 []


Overfull \hbox (60.49344pt too wide) in paragraph at lines 3512--3512
[]\T1/lmtt/m/n/10 ## 146                                                                                      Paralyzer[] 
 []


Overfull \hbox (60.49344pt too wide) in paragraph at lines 3512--3512
[]\T1/lmtt/m/n/10 ## 147                                                                                        Fake It[] 
 []


Overfull \hbox (60.49344pt too wide) in paragraph at lines 3512--3512
[]\T1/lmtt/m/n/10 ## 148                                                                           My Love (feat. T.I.)[] 
 []


Overfull \hbox (60.49344pt too wide) in paragraph at lines 3512--3512
[]\T1/lmtt/m/n/10 ## 149                                                                                   Bleed It Out[] 
 []


Overfull \hbox (60.49344pt too wide) in paragraph at lines 3512--3512
[]\T1/lmtt/m/n/10 ## 150                                                                                      Teenagers[] 
 []


Overfull \hbox (60.49344pt too wide) in paragraph at lines 3512--3512
[]\T1/lmtt/m/n/10 ## 151                                                                                     Girlfriend[] 
 []


Overfull \hbox (60.49344pt too wide) in paragraph at lines 3512--3512
[]\T1/lmtt/m/n/10 ## 152                                                                                 Because Of You[] 
 []


Overfull \hbox (60.49344pt too wide) in paragraph at lines 3512--3512
[]\T1/lmtt/m/n/10 ## 153                                                                               Thnks fr th Mmrs[] 
 []


Overfull \hbox (60.49344pt too wide) in paragraph at lines 3512--3512
[]\T1/lmtt/m/n/10 ## 154                                                                        Dear Maria, Count Me In[] 
 []


Overfull \hbox (60.49344pt too wide) in paragraph at lines 3512--3512
[]\T1/lmtt/m/n/10 ## 155                                                                                  Back To Black[] 
 []


Overfull \hbox (60.49344pt too wide) in paragraph at lines 3512--3512
[]\T1/lmtt/m/n/10 ## 156                                                                                Misery Business[] 
 []


Overfull \hbox (60.49344pt too wide) in paragraph at lines 3512--3512
[]\T1/lmtt/m/n/10 ## 157                                                                                  The Pretender[] 
 []


Overfull \hbox (60.49344pt too wide) in paragraph at lines 3512--3512
[]\T1/lmtt/m/n/10 ## 158                                                                                      Face Down[] 
 []

[16]
Overfull \hbox (60.49344pt too wide) in paragraph at lines 3512--3512
[]\T1/lmtt/m/n/10 ## 159                                                                                Beautiful Girls[] 
 []


Overfull \hbox (60.49344pt too wide) in paragraph at lines 3512--3512
[]\T1/lmtt/m/n/10 ## 160                                                                               Before He Cheats[] 
 []


Overfull \hbox (60.49344pt too wide) in paragraph at lines 3512--3512
[]\T1/lmtt/m/n/10 ## 161                                                                                  Snow (Hey Oh)[] 
 []


Overfull \hbox (60.49344pt too wide) in paragraph at lines 3512--3512
[]\T1/lmtt/m/n/10 ## 162                                                                             Low (feat. T-Pain)[] 
 []


Overfull \hbox (60.49344pt too wide) in paragraph at lines 3512--3512
[]\T1/lmtt/m/n/10 ## 163                                                                                I Kissed A Girl[] 
 []


Overfull \hbox (60.49344pt too wide) in paragraph at lines 3512--3512
[]\T1/lmtt/m/n/10 ## 164                                                                                     Take A Bow[] 
 []


Overfull \hbox (60.49344pt too wide) in paragraph at lines 3512--3512
[]\T1/lmtt/m/n/10 ## 165                                                                                         No One[] 
 []


Overfull \hbox (60.49344pt too wide) in paragraph at lines 3512--3512
[]\T1/lmtt/m/n/10 ## 166                                                                                      Apologize[] 
 []


Overfull \hbox (60.49344pt too wide) in paragraph at lines 3512--3512
[]\T1/lmtt/m/n/10 ## 167                                                                               Miss Independent[] 
 []


Overfull \hbox (60.49344pt too wide) in paragraph at lines 3512--3512
[]\T1/lmtt/m/n/10 ## 168                                                                                      Dangerous[] 
 []


Overfull \hbox (60.49344pt too wide) in paragraph at lines 3512--3512
[]\T1/lmtt/m/n/10 ## 169                                                                                      Disturbia[] 
 []


Overfull \hbox (60.49344pt too wide) in paragraph at lines 3512--3512
[]\T1/lmtt/m/n/10 ## 170                                                4 Minutes (feat. Justin Timberlake & Timbaland)[] 
 []


Overfull \hbox (60.49344pt too wide) in paragraph at lines 3512--3512
[]\T1/lmtt/m/n/10 ## 171                                                                                     Hot N Cold[] 
 []


Overfull \hbox (60.49344pt too wide) in paragraph at lines 3512--3512
[]\T1/lmtt/m/n/10 ## 172                                                                           Don't Stop The Music[] 
 []


Overfull \hbox (60.49344pt too wide) in paragraph at lines 3512--3512
[]\T1/lmtt/m/n/10 ## 173                                                                                      Womanizer[] 
 []


Overfull \hbox (60.49344pt too wide) in paragraph at lines 3512--3512
[]\T1/lmtt/m/n/10 ## 174                                                                                 When I Grow Up[] 
 []


Overfull \hbox (60.49344pt too wide) in paragraph at lines 3512--3512
[]\T1/lmtt/m/n/10 ## 175                                                                        Crank That (Soulja Boy)[] 
 []


Overfull \hbox (60.49344pt too wide) in paragraph at lines 3512--3512
[]\T1/lmtt/m/n/10 ## 176                                                                                 Live Your Life[] 
 []


Overfull \hbox (60.49344pt too wide) in paragraph at lines 3512--3512
[]\T1/lmtt/m/n/10 ## 177                                                                                      Paralyzer[] 
 []


Overfull \hbox (60.49344pt too wide) in paragraph at lines 3512--3512
[]\T1/lmtt/m/n/10 ## 178                                                                       You're Gonna Go Far, Kid[] 
 []


Overfull \hbox (60.49344pt too wide) in paragraph at lines 3512--3512
[]\T1/lmtt/m/n/10 ## 179                                                                                   American Boy[] 
 []


Overfull \hbox (60.49344pt too wide) in paragraph at lines 3512--3512
[]\T1/lmtt/m/n/10 ## 180                                                                                        So What[] 
 []


Overfull \hbox (60.49344pt too wide) in paragraph at lines 3512--3512
[]\T1/lmtt/m/n/10 ## 181                                                                                           Kids[] 
 []


Overfull \hbox (60.49344pt too wide) in paragraph at lines 3512--3512
[]\T1/lmtt/m/n/10 ## 182                                                          Love in This Club (feat. Young Jeezy)[] 
 []


Overfull \hbox (60.49344pt too wide) in paragraph at lines 3512--3512
[]\T1/lmtt/m/n/10 ## 183                                                                              Whatever You Like[] 
 []


Overfull \hbox (60.49344pt too wide) in paragraph at lines 3512--3512
[]\T1/lmtt/m/n/10 ## 184                                                                                   Viva La Vida[] 
 []


Overfull \hbox (60.49344pt too wide) in paragraph at lines 3512--3512
[]\T1/lmtt/m/n/10 ## 185                                                                                    Sex on Fire[] 
 []


Overfull \hbox (60.49344pt too wide) in paragraph at lines 3512--3512
[]\T1/lmtt/m/n/10 ## 186                                                                                        Forever[] 
 []


Overfull \hbox (60.49344pt too wide) in paragraph at lines 3512--3512
[]\T1/lmtt/m/n/10 ## 187                                                                                I Gotta Feeling[] 
 []


Overfull \hbox (60.49344pt too wide) in paragraph at lines 3512--3512
[]\T1/lmtt/m/n/10 ## 188                                                                                     Poker Face[] 
 []


Overfull \hbox (60.49344pt too wide) in paragraph at lines 3512--3512
[]\T1/lmtt/m/n/10 ## 189                                                                                           Halo[] 
 []


Overfull \hbox (60.49344pt too wide) in paragraph at lines 3512--3512
[]\T1/lmtt/m/n/10 ## 190                                                                        Sexy Bitch (feat. Akon)[] 
 []


Overfull \hbox (60.49344pt too wide) in paragraph at lines 3512--3512
[]\T1/lmtt/m/n/10 ## 191                                                                                    Right Round[] 
 []


Overfull \hbox (60.49344pt too wide) in paragraph at lines 3512--3512
[]\T1/lmtt/m/n/10 ## 192                                                                                     Love Story[] 
 []


Overfull \hbox (60.49344pt too wide) in paragraph at lines 3512--3512
[]\T1/lmtt/m/n/10 ## 193                                                                                         Circus[] 
 []


Overfull \hbox (60.49344pt too wide) in paragraph at lines 3512--3512
[]\T1/lmtt/m/n/10 ## 194                                                                                        Monster[] 
 []


Overfull \hbox (60.49344pt too wide) in paragraph at lines 3512--3512
[]\T1/lmtt/m/n/10 ## 195                                                                                Meet Me Halfway[] 
 []


Overfull \hbox (60.49344pt too wide) in paragraph at lines 3512--3512
[]\T1/lmtt/m/n/10 ## 196                                                                                      Heartless[] 
 []


Overfull \hbox (60.49344pt too wide) in paragraph at lines 3512--3512
[]\T1/lmtt/m/n/10 ## 197                                                                       Day 'N' Nite (Nightmare)[] 
 []


Overfull \hbox (60.49344pt too wide) in paragraph at lines 3512--3512
[]\T1/lmtt/m/n/10 ## 198                                                                                     Just Dance[] 
 []


Overfull \hbox (60.49344pt too wide) in paragraph at lines 3512--3512
[]\T1/lmtt/m/n/10 ## 199                                                                           Empire State Of Mind[] 
 []


Overfull \hbox (60.49344pt too wide) in paragraph at lines 3512--3512
[]\T1/lmtt/m/n/10 ## 200                                                                                  Run This Town[] 
 []


Overfull \hbox (60.49344pt too wide) in paragraph at lines 3512--3512
[]\T1/lmtt/m/n/10 ## 201                                                                                    Bad Romance[] 
 []


Overfull \hbox (60.49344pt too wide) in paragraph at lines 3512--3512
[]\T1/lmtt/m/n/10 ## 202                                                                                 Live Your Life[] 
 []


Overfull \hbox (60.49344pt too wide) in paragraph at lines 3512--3512
[]\T1/lmtt/m/n/10 ## 203                                                                         Kiss Me Thru The Phone[] 
 []


Overfull \hbox (60.49344pt too wide) in paragraph at lines 3512--3512
[]\T1/lmtt/m/n/10 ## 204                                                                                        Forever[] 
 []


Overfull \hbox (60.49344pt too wide) in paragraph at lines 3512--3512
[]\T1/lmtt/m/n/10 ## 205                                                                                   Fire Burning[] 
 []


Overfull \hbox (60.49344pt too wide) in paragraph at lines 3512--3512
[]\T1/lmtt/m/n/10 ## 206                                                                             Walking On A Dream[] 
 []


Overfull \hbox (60.49344pt too wide) in paragraph at lines 3512--3512
[]\T1/lmtt/m/n/10 ## 207                                                                                    Bulletproof[] 
 []


Overfull \hbox (60.49344pt too wide) in paragraph at lines 3512--3512
[]\T1/lmtt/m/n/10 ## 208                                                                                       One Time[] 
 []


Overfull \hbox (60.49344pt too wide) in paragraph at lines 3512--3512
[]\T1/lmtt/m/n/10 ## 209                                                                                       Uprising[] 
 []


Overfull \hbox (60.49344pt too wide) in paragraph at lines 3512--3512
[]\T1/lmtt/m/n/10 ## 210                                                                              Whatever You Like[] 
 []


Overfull \hbox (60.49344pt too wide) in paragraph at lines 3512--3512
[]\T1/lmtt/m/n/10 ## 211                                                                                        Secrets[] 
 []


Overfull \hbox (60.49344pt too wide) in paragraph at lines 3512--3512
[]\T1/lmtt/m/n/10 ## 212                                                                                    Sex on Fire[] 
 []

[17]
Overfull \hbox (60.49344pt too wide) in paragraph at lines 3512--3512
[]\T1/lmtt/m/n/10 ## 213                                                                            Party In The U.S.A.[] 
 []


Overfull \hbox (60.49344pt too wide) in paragraph at lines 3512--3512
[]\T1/lmtt/m/n/10 ## 214                                                                                        21 Guns[] 
 []


Overfull \hbox (60.49344pt too wide) in paragraph at lines 3512--3512
[]\T1/lmtt/m/n/10 ## 215                                                                                   You Found Me[] 
 []


Overfull \hbox (60.49344pt too wide) in paragraph at lines 3512--3512
[]\T1/lmtt/m/n/10 ## 216                                                                           Just the Way You Are[] 
 []


Overfull \hbox (60.49344pt too wide) in paragraph at lines 3512--3512
[]\T1/lmtt/m/n/10 ## 217                                                                           Love The Way You Lie[] 
 []


Overfull \hbox (60.49344pt too wide) in paragraph at lines 3512--3512
[]\T1/lmtt/m/n/10 ## 218                                                                                    Bad Romance[] 
 []


Overfull \hbox (60.49344pt too wide) in paragraph at lines 3512--3512
[]\T1/lmtt/m/n/10 ## 219                                                                    Alors on danse - Radio Edit[] 
 []


Overfull \hbox (60.49344pt too wide) in paragraph at lines 3512--3512
[]\T1/lmtt/m/n/10 ## 220                                                                                        TiK ToK[] 
 []


Overfull \hbox (60.49344pt too wide) in paragraph at lines 3512--3512
[]\T1/lmtt/m/n/10 ## 221                                                                      Memories (feat. Kid Cudi)[] 
 []


Overfull \hbox (60.49344pt too wide) in paragraph at lines 3512--3512
[]\T1/lmtt/m/n/10 ## 222                                                                                       Dynamite[] 
 []


Overfull \hbox (60.49344pt too wide) in paragraph at lines 3512--3512
[]\T1/lmtt/m/n/10 ## 223                                                                       Only Girl (In The World)[] 
 []


Overfull \hbox (60.49344pt too wide) in paragraph at lines 3512--3512
[]\T1/lmtt/m/n/10 ## 224                                                                               California Gurls[] 
 []


Overfull \hbox (60.49344pt too wide) in paragraph at lines 3512--3512
[]\T1/lmtt/m/n/10 ## 225                                                                                      Like A G6[] 
 []


Overfull \hbox (60.49344pt too wide) in paragraph at lines 3512--3512
[]\T1/lmtt/m/n/10 ## 226                                                                               Break Your Heart[] 
 []


Overfull \hbox (60.49344pt too wide) in paragraph at lines 3512--3512
[]\T1/lmtt/m/n/10 ## 227                                                                                     Not Afraid[] 
 []


Overfull \hbox (60.49344pt too wide) in paragraph at lines 3512--3512
[]\T1/lmtt/m/n/10 ## 228                                                                                       Rude Boy[] 
 []


Overfull \hbox (60.49344pt too wide) in paragraph at lines 3512--3512
[]\T1/lmtt/m/n/10 ## 229                                                      DJ Got Us Fallin' In Love (feat. Pitbull)[] 
 []


Overfull \hbox (60.49344pt too wide) in paragraph at lines 3512--3512
[]\T1/lmtt/m/n/10 ## 230                                                                                         Replay[] 
 []


Overfull \hbox (60.49344pt too wide) in paragraph at lines 3512--3512
[]\T1/lmtt/m/n/10 ## 231                                                      Club Can't Handle Me (feat. David Guetta)[] 
 []


Overfull \hbox (60.49344pt too wide) in paragraph at lines 3512--3512
[]\T1/lmtt/m/n/10 ## 232                                                                                   Eenie Meenie[] 
 []


Overfull \hbox (60.49344pt too wide) in paragraph at lines 3512--3512
[]\T1/lmtt/m/n/10 ## 233                                                                            Talking to the Moon[] 
 []


Overfull \hbox (60.49344pt too wide) in paragraph at lines 3512--3512
[]\T1/lmtt/m/n/10 ## 234                                                                    Cooler Than Me - Single Mix[] 
 []


Overfull \hbox (60.49344pt too wide) in paragraph at lines 3512--3512
[]\T1/lmtt/m/n/10 ## 235                                                                          OMG (feat. will.i.am)[] 
 []


Overfull \hbox (60.49344pt too wide) in paragraph at lines 3512--3512
[]\T1/lmtt/m/n/10 ## 236                                                                                           Baby[] 
 []


Overfull \hbox (60.49344pt too wide) in paragraph at lines 3512--3512
[]\T1/lmtt/m/n/10 ## 237                                                  Airplanes (feat. Hayley Williams of Paramore)[] 
 []


Overfull \hbox (60.49344pt too wide) in paragraph at lines 3512--3512
[]\T1/lmtt/m/n/10 ## 238                                                                                   Just A Dream[] 
 []


Overfull \hbox (60.49344pt too wide) in paragraph at lines 3512--3512
[]\T1/lmtt/m/n/10 ## 239                                                                                        BedRock[] 
 []


Overfull \hbox (60.49344pt too wide) in paragraph at lines 3512--3512
[]\T1/lmtt/m/n/10 ## 240                                                              Nothin' on You (feat. Bruno Mars)[] 
 []


Overfull \hbox (60.49344pt too wide) in paragraph at lines 3512--3512
[]\T1/lmtt/m/n/10 ## 241                                                                 Billionaire (feat. Bruno Mars)[] 
 []


Overfull \hbox (60.49344pt too wide) in paragraph at lines 3512--3512
[]\T1/lmtt/m/n/10 ## 242                                                                                      Fireflies[] 
 []


Overfull \hbox (60.49344pt too wide) in paragraph at lines 3512--3512
[]\T1/lmtt/m/n/10 ## 243                                                     Empire State of Mind (Part II) Broken Down[] 
 []


Overfull \hbox (60.49344pt too wide) in paragraph at lines 3512--3512
[]\T1/lmtt/m/n/10 ## 244                                                                                   Need You Now[] 
 []


Overfull \hbox (60.49344pt too wide) in paragraph at lines 3512--3512
[]\T1/lmtt/m/n/10 ## 245                              Moves Like Jagger - Studio Recording From "The Voice" Performance[] 
 []


Overfull \hbox (60.49344pt too wide) in paragraph at lines 3512--3512
[]\T1/lmtt/m/n/10 ## 246                                                                              Party Rock Anthem[] 
 []


Overfull \hbox (60.49344pt too wide) in paragraph at lines 3512--3512
[]\T1/lmtt/m/n/10 ## 247                                                                                       Firework[] 
 []


Overfull \hbox (60.49344pt too wide) in paragraph at lines 3512--3512
[]\T1/lmtt/m/n/10 ## 248                                                                                        Grenade[] 
 []


Overfull \hbox (60.49344pt too wide) in paragraph at lines 3512--3512
[]\T1/lmtt/m/n/10 ## 249                                                 Hey Baby (Drop It to the Floor) (feat. T-Pain)[] 
 []


Overfull \hbox (60.49344pt too wide) in paragraph at lines 3512--3512
[]\T1/lmtt/m/n/10 ## 250                                                              Who's That Chick? (feat. Rihanna)[] 
 []


Overfull \hbox (60.49344pt too wide) in paragraph at lines 3512--3512
[]\T1/lmtt/m/n/10 ## 251                                                                                   On The Floor[] 
 []


Overfull \hbox (60.49344pt too wide) in paragraph at lines 3512--3512
[]\T1/lmtt/m/n/10 ## 252                                                                                            S&M[] 
 []


Overfull \hbox (60.49344pt too wide) in paragraph at lines 3512--3512
[]\T1/lmtt/m/n/10 ## 253                                                                          Just Can't Get Enough[] 
 []


Overfull \hbox (60.49344pt too wide) in paragraph at lines 3512--3512
[]\T1/lmtt/m/n/10 ## 254                                             Where Them Girls At (feat. Nicki Minaj & Flo Rida)[] 
 []


Overfull \hbox (60.49344pt too wide) in paragraph at lines 3512--3512
[]\T1/lmtt/m/n/10 ## 255                                             Give Me Everything (feat. Ne-Yo, Afrojack & Nayer)[] 
 []


Overfull \hbox (60.49344pt too wide) in paragraph at lines 3512--3512
[]\T1/lmtt/m/n/10 ## 256                                                                      Love You Like A Love Song[] 
 []


Overfull \hbox (60.49344pt too wide) in paragraph at lines 3512--3512
[]\T1/lmtt/m/n/10 ## 257                                                                               Black and Yellow[] 
 []


Overfull \hbox (60.49344pt too wide) in paragraph at lines 3512--3512
[]\T1/lmtt/m/n/10 ## 258                                                              Stereo Hearts (feat. Adam Levine)[] 
 []


Overfull \hbox (60.49344pt too wide) in paragraph at lines 3512--3512
[]\T1/lmtt/m/n/10 ## 259                                                                                     Down On Me[] 
 []


Overfull \hbox (60.49344pt too wide) in paragraph at lines 3512--3512
[]\T1/lmtt/m/n/10 ## 260                                                            No Hands (feat. Roscoe Dash & Wale)[] 
 []


Overfull \hbox (60.49344pt too wide) in paragraph at lines 3512--3512
[]\T1/lmtt/m/n/10 ## 261                                                                                  Midnight City[] 
 []


Overfull \hbox (60.49344pt too wide) in paragraph at lines 3512--3512
[]\T1/lmtt/m/n/10 ## 262                                                                                       Paradise[] 
 []


Overfull \hbox (60.49344pt too wide) in paragraph at lines 3512--3512
[]\T1/lmtt/m/n/10 ## 263                                                                   Last Friday Night (T.G.I.F.)[] 
 []


Overfull \hbox (60.49344pt too wide) in paragraph at lines 3512--3512
[]\T1/lmtt/m/n/10 ## 264                                                                                I Need A Doctor[] 
 []


Overfull \hbox (60.49344pt too wide) in paragraph at lines 3512--3512
[]\T1/lmtt/m/n/10 ## 265                                               Look At Me Now (feat. Lil' Wayne & Busta Rhymes)[] 
 []


Overfull \hbox (60.49344pt too wide) in paragraph at lines 3512--3512
[]\T1/lmtt/m/n/10 ## 266                                                                                  Glad You Came[] 
 []

[18]
Overfull \hbox (60.49344pt too wide) in paragraph at lines 3512--3512
[]\T1/lmtt/m/n/10 ## 267                                                                                  We R Who We R[] 
 []


Overfull \hbox (60.49344pt too wide) in paragraph at lines 3512--3512
[]\T1/lmtt/m/n/10 ## 268                                                                                  We Found Love[] 
 []


Overfull \hbox (60.49344pt too wide) in paragraph at lines 3512--3512
[]\T1/lmtt/m/n/10 ## 269                                                                              All Of The Lights[] 
 []


Overfull \hbox (60.49344pt too wide) in paragraph at lines 3512--3512
[]\T1/lmtt/m/n/10 ## 270                                                                                     Sure Thing[] 
 []


Overfull \hbox (60.49344pt too wide) in paragraph at lines 3512--3512
[]\T1/lmtt/m/n/10 ## 271                                                                                  What the Hell[] 
 []


Overfull \hbox (60.49344pt too wide) in paragraph at lines 3512--3512
[]\T1/lmtt/m/n/10 ## 272                                                                                       Who Says[] 
 []


Overfull \hbox (60.49344pt too wide) in paragraph at lines 3512--3512
[]\T1/lmtt/m/n/10 ## 273                                                                                  Born This Way[] 
 []


Overfull \hbox (60.49344pt too wide) in paragraph at lines 3512--3512
[]\T1/lmtt/m/n/10 ## 274                                                                                Pumped Up Kicks[] 
 []


Overfull \hbox (60.49344pt too wide) in paragraph at lines 3512--3512
[]\T1/lmtt/m/n/10 ## 275                                                                                      Headlines[] 
 []


Overfull \hbox (60.49344pt too wide) in paragraph at lines 3512--3512
[]\T1/lmtt/m/n/10 ## 276                                                                                      Price Tag[] 
 []


Overfull \hbox (60.49344pt too wide) in paragraph at lines 3512--3512
[]\T1/lmtt/m/n/10 ## 277                                                                                      Good Life[] 
 []


Overfull \hbox (60.49344pt too wide) in paragraph at lines 3512--3512
[]\T1/lmtt/m/n/10 ## 278                                                                                  The Lazy Song[] 
 []


Overfull \hbox (60.49344pt too wide) in paragraph at lines 3512--3512
[]\T1/lmtt/m/n/10 ## 279                                                                                Tonight Tonight[] 
 []


Overfull \hbox (60.49344pt too wide) in paragraph at lines 3512--3512
[]\T1/lmtt/m/n/10 ## 280                                                                                    Tongue Tied[] 
 []


Overfull \hbox (60.49344pt too wide) in paragraph at lines 3512--3512
[]\T1/lmtt/m/n/10 ## 281                                                                               Raise Your Glass[] 
 []


Overfull \hbox (60.49344pt too wide) in paragraph at lines 3512--3512
[]\T1/lmtt/m/n/10 ## 282                                                                                  Jar of Hearts[] 
 []


Overfull \hbox (60.49344pt too wide) in paragraph at lines 3512--3512
[]\T1/lmtt/m/n/10 ## 283                                                                                      Marry You[] 
 []


Overfull \hbox (60.49344pt too wide) in paragraph at lines 3512--3512
[]\T1/lmtt/m/n/10 ## 284                                                                                  We Found Love[] 
 []


Overfull \hbox (60.49344pt too wide) in paragraph at lines 3512--3512
[]\T1/lmtt/m/n/10 ## 285                                                                                  Call Me Maybe[] 
 []


Overfull \hbox (60.49344pt too wide) in paragraph at lines 3512--3512
[]\T1/lmtt/m/n/10 ## 286                                                             We Are Young (feat. Janelle Mone)[] 
 []


Overfull \hbox (60.49344pt too wide) in paragraph at lines 3512--3512
[]\T1/lmtt/m/n/10 ## 287                                                         International Love (feat. Chris Brown)[] 
 []


Overfull \hbox (60.49344pt too wide) in paragraph at lines 3512--3512
[]\T1/lmtt/m/n/10 ## 288                                                                                        Skyfall[] 
 []


Overfull \hbox (60.49344pt too wide) in paragraph at lines 3512--3512
[]\T1/lmtt/m/n/10 ## 289                                                                            Where Have You Been[] 
 []


Overfull \hbox (60.49344pt too wide) in paragraph at lines 3512--3512
[]\T1/lmtt/m/n/10 ## 290                                                                                Ni**as In Paris[] 
 []


Overfull \hbox (60.49344pt too wide) in paragraph at lines 3512--3512
[]\T1/lmtt/m/n/10 ## 291                                                                                 One More Night[] 
 []


Overfull \hbox (60.49344pt too wide) in paragraph at lines 3512--3512
[]\T1/lmtt/m/n/10 ## 292                                                                                        Whistle[] 
 []


Overfull \hbox (60.49344pt too wide) in paragraph at lines 3512--3512
[]\T1/lmtt/m/n/10 ## 293                                                                                     Primadonna[] 
 []


Overfull \hbox (60.49344pt too wide) in paragraph at lines 3512--3512
[]\T1/lmtt/m/n/10 ## 294                                                                                          Mercy[] 
 []


! LaTeX Error: Unicode character  (U+AC15)
               not set up for use with LaTeX.

See the LaTeX manual or LaTeX Companion for explanation.
Type  H <return>  for immediate help.
 ...                                              
                                                  
l.3512 \end{verbatim}
                      
Here is how much of TeX's memory you used:
 10958 strings out of 479984
 172470 string characters out of 5887164
 753947 words of memory out of 5000000
 28982 multiletter control sequences out of 15000+600000
 490842 words of font info for 48 fonts, out of 8000000 for 9000
 14 hyphenation exceptions out of 8191
 72i,6n,77p,254b,576s stack positions out of 10000i,1000n,20000p,200000b,200000s

!  ==> Fatal error occurred, no output PDF file produced!
